<?xml version="1.0" encoding="UTF-8"?>
<coverage generated="1539480802">
  <project timestamp="1539480802">
    <package name="PHPSess\Encryption">
      <file name="/home/ayrton/projects/phpseclib-encryption/src/SodiumEncryption.php">
        <class name="PHPSess\Encryption\SodiumEncryption" namespace="PHPSess\Encryption">
          <metrics complexity="9" methods="5" coveredmethods="5" conditionals="0" coveredconditionals="0" statements="30" coveredstatements="30" elements="35" coveredelements="35"/>
        </class>
        <line num="26" type="method" name="__construct" visibility="public" complexity="1" crap="1" count="9"/>
        <line num="28" type="stmt" count="9"/>
        <line num="29" type="stmt" count="9"/>
        <line num="30" type="stmt" count="9"/>
        <line num="38" type="method" name="makeSessionIdentifier" visibility="public" complexity="1" crap="1" count="1"/>
        <line num="40" type="stmt" count="1"/>
        <line num="41" type="stmt" count="1"/>
        <line num="42" type="stmt" count="1"/>
        <line num="53" type="method" name="encryptSessionData" visibility="public" complexity="1" crap="1" count="5"/>
        <line num="55" type="stmt" count="5"/>
        <line num="57" type="stmt" count="5"/>
        <line num="59" type="stmt" count="5"/>
        <line num="61" type="stmt" count="5"/>
        <line num="62" type="stmt" count="5"/>
        <line num="63" type="stmt" count="5"/>
        <line num="75" type="method" name="decryptSessionData" visibility="public" complexity="5" crap="5" count="7"/>
        <line num="77" type="stmt" count="7"/>
        <line num="78" type="stmt" count="1"/>
        <line num="81" type="stmt" count="6"/>
        <line num="83" type="stmt" count="6"/>
        <line num="84" type="stmt" count="1"/>
        <line num="88" type="stmt" count="5"/>
        <line num="89" type="stmt" count="4"/>
        <line num="90" type="stmt" count="1"/>
        <line num="91" type="stmt" count="1"/>
        <line num="94" type="stmt" count="4"/>
        <line num="96" type="stmt" count="4"/>
        <line num="98" type="stmt" count="4"/>
        <line num="99" type="stmt" count="2"/>
        <line num="102" type="stmt" count="2"/>
        <line num="111" type="method" name="getEncryptionKey" visibility="private" complexity="1" crap="1" count="5"/>
        <line num="113" type="stmt" count="5"/>
        <line num="114" type="stmt" count="5"/>
        <line num="115" type="stmt" count="5"/>
        <line num="116" type="stmt" count="5"/>
        <metrics loc="118" ncloc="80" classes="1" methods="5" coveredmethods="5" conditionals="0" coveredconditionals="0" statements="30" coveredstatements="30" elements="35" coveredelements="35"/>
      </file>
    </package>
    <metrics files="1" loc="118" ncloc="80" classes="1" methods="5" coveredmethods="5" conditionals="0" coveredconditionals="0" statements="30" coveredstatements="30" elements="35" coveredelements="35"/>
  </project>
</coverage>
